KotlinMallDemo/OrderCenter/build/outputs/logs/manifest-merger-debug-report.txt
-- Merging decision tree log ---
manifest
ADDED from src\main\AndroidManifest.xml:1:1-17:12
INJECTED from src\main\AndroidManifest.xml:1:1-17:12
INJECTED from src\main\AndroidManifest.xml:1:1-17:12
INJECTED from src\main\AndroidManifest.xml:1:1-17:12
INJECTED from src\main\AndroidManifest.xml:1:1-17:12
INJECTED from src\main\AndroidManifest.xml:1:1-17:12
INJECTED from src\main\AndroidManifest.xml:1:1-17:12
	package
		ADDED from src\main\AndroidManifest.xml:3:11-37
		INJECTED from src\main\AndroidManifest.xml
		INJECTED from src\main\AndroidManifest.xml
	android:versionName
		INJECTED from src\main\AndroidManifest.xml
		ADDED from src\main\AndroidManifest.xml:1:1-17:12
		INJECTED from src\main\AndroidManifest.xml
	android:versionCode
		INJECTED from src\main\AndroidManifest.xml
		ADDED from src\main\AndroidManifest.xml:1:1-17:12
		INJECTED from src\main\AndroidManifest.xml
	xmlns:android
		ADDED from src\main\AndroidManifest.xml:1:11-69
application
ADDED from src\main\AndroidManifest.xml:6:5-15:19
	android:supportsRtl
		ADDED from src\main\AndroidManifest.xml:8:18-44
	android:label
		ADDED from src\main\AndroidManifest.xml:7:18-50
	android:allowBackup
		ADDED from src\main\AndroidManifest.xml:6:18-44
activity#com.kotlin.order.ui.activity.OrderConfirmActivity
ADDED from src\main\AndroidManifest.xml:10:9-69
	android:name
		ADDED from src\main\AndroidManifest.xml:10:19-67
activity#com.kotlin.order.ui.activity.ShipAddressActivity
ADDED from src\main\AndroidManifest.xml:11:9-68
	android:name
		ADDED from src\main\AndroidManifest.xml:11:19-66
activity#com.kotlin.order.ui.activity.ShipAddressEditActivity
ADDED from src\main\AndroidManifest.xml:12:9-72
	android:name
		ADDED from src\main\AndroidManifest.xml:12:19-70
activity#com.kotlin.order.ui.activity.OrderActivity
ADDED from src\main\AndroidManifest.xml:13:9-62
	android:name
		ADDED from src\main\AndroidManifest.xml:13:19-60
activity#com.kotlin.order.ui.activity.OrderDetailActivity
ADDED from src\main\AndroidManifest.xml:14:9-68
	android:name
		ADDED from src\main\AndroidManifest.xml:14:19-66
uses-sdk
INJECTED from src\main\AndroidManifest.xml reason: use-sdk injection requested
INJECTED from src\main\AndroidManifest.xml
INJECTED from src\main\AndroidManifest.xml
INJECTED from src\main\AndroidManifest.xml
INJECTED from src\main\AndroidManifest.xml
	android:targetSdkVersion
		INJECTED from src\main\AndroidManifest.xml
		ADDED from src\main\AndroidManifest.xml
		INJECTED from src\main\AndroidManifest.xml
	android:minSdkVersion
		INJECTED from src\main\AndroidManifest.xml
		ADDED from src\main\AndroidManifest.xml
		INJECTED from src\main\AndroidManifest.xml